2024-06-13 16:27:58,704 - INFO - Started transformations
2024-06-13 16:27:58,715 - INFO - Transformations successful
2024-06-13 16:27:58,715 - INFO - Starting upload to db
2024-06-13 16:27:58,717 - INFO - No new records uploaded
2024-06-18 10:08:02,008 - INFO - Started transformations
2024-06-18 10:08:02,033 - INFO - Transformations successful
2024-06-18 10:08:02,033 - INFO - Starting upload to db
2024-06-19 10:08:42,754 - INFO - Started transformations
2024-06-19 10:08:42,777 - INFO - Transformations successful
2024-06-19 10:08:42,777 - INFO - Starting upload to db
2024-06-20 10:07:46,403 - INFO - Started transformations
2024-06-20 10:07:46,420 - INFO - Transformations successful
2024-06-20 10:07:46,420 - INFO - Starting upload to db
2024-06-21 10:07:54,514 - INFO - Started transformations
2024-06-21 10:07:54,532 - INFO - Transformations successful
2024-06-21 10:07:54,532 - INFO - Starting upload to db
2024-06-24 10:09:14,344 - INFO - Started transformations
2024-06-24 10:09:14,365 - INFO - Transformations successful
2024-06-24 10:09:14,365 - INFO - Starting upload to db
2024-06-25 10:07:57,688 - INFO - Started transformations
2024-06-25 10:07:57,713 - INFO - Transformations successful
2024-06-25 10:07:57,713 - INFO - Starting upload to db
2024-06-26 10:07:49,140 - INFO - Started transformations
2024-06-26 10:07:49,161 - INFO - Transformations successful
2024-06-26 10:07:49,161 - INFO - Starting upload to db
2024-06-27 10:07:43,421 - INFO - Started transformations
2024-06-27 10:07:43,446 - INFO - Transformations successful
2024-06-27 10:07:43,446 - INFO - Starting upload to db
2024-06-28 10:08:15,107 - INFO - Started transformations
2024-06-28 10:08:15,131 - INFO - Transformations successful
2024-06-28 10:08:15,132 - INFO - Starting upload to db
2024-07-01 10:09:36,918 - INFO - Started transformations
2024-07-01 10:09:36,944 - INFO - Transformations successful
2024-07-01 10:09:36,944 - INFO - Starting upload to db
2024-07-02 10:07:46,089 - INFO - Started transformations
2024-07-02 10:07:46,115 - INFO - Transformations successful
2024-07-02 10:07:46,115 - INFO - Starting upload to db
2024-07-03 10:08:46,310 - INFO - Started transformations
2024-07-03 10:08:46,337 - INFO - Transformations successful
2024-07-03 10:08:46,337 - INFO - Starting upload to db
2024-07-04 10:08:09,279 - INFO - Started transformations
2024-07-04 10:08:09,328 - INFO - Transformations successful
2024-07-04 10:08:09,328 - INFO - Starting upload to db
2024-07-05 10:08:43,752 - INFO - Started transformations
2024-07-05 10:08:43,783 - INFO - Transformations successful
2024-07-05 10:08:43,783 - INFO - Starting upload to db
2024-07-08 10:08:44,201 - INFO - Started transformations
2024-07-08 10:08:44,231 - INFO - Transformations successful
2024-07-08 10:08:44,231 - INFO - Starting upload to db
2024-07-09 10:08:27,735 - INFO - Started transformations
2024-07-09 10:08:27,765 - INFO - Transformations successful
2024-07-09 10:08:27,765 - INFO - Starting upload to db
2024-07-10 10:07:58,724 - INFO - Started transformations
2024-07-10 10:07:58,778 - INFO - Transformations successful
2024-07-10 10:07:58,778 - INFO - Starting upload to db
2024-07-11 10:07:57,994 - INFO - Started transformations
2024-07-11 10:07:58,027 - INFO - Transformations successful
2024-07-11 10:07:58,027 - INFO - Starting upload to db
2024-07-12 10:07:56,906 - INFO - Started transformations
2024-07-12 10:07:56,938 - INFO - Transformations successful
2024-07-12 10:07:56,938 - INFO - Starting upload to db
2024-07-15 10:09:11,654 - INFO - Started transformations
2024-07-15 10:09:11,688 - INFO - Transformations successful
2024-07-15 10:09:11,688 - INFO - Starting upload to db
2024-07-16 10:07:05,164 - INFO - Started transformations
2024-07-16 10:07:05,200 - INFO - Transformations successful
2024-07-16 10:07:05,200 - INFO - Starting upload to db
2024-07-17 14:40:07,804 - INFO - Started transformations for calendar data
2024-07-17 14:40:07,876 - INFO - Transformations successful
2024-07-17 14:40:07,876 - INFO - Starting upload to db
2024-07-17 14:40:35,236 - INFO - Started transformations for IPO data
2024-07-17 14:41:00,115 - INFO - Finished transformations, starting ipo upload to db
2024-07-18 10:08:16,361 - INFO - Started transformations for calendar data
2024-07-18 10:08:16,401 - INFO - Transformations successful
2024-07-18 10:08:16,401 - INFO - Starting upload to db
2024-07-18 10:08:16,777 - INFO - Started transformations for IPO data
2024-07-18 10:08:16,792 - INFO - Finished transformations, starting ipo upload to db
2024-07-18 10:08:16,793 - INFO - No new ipo records uploaded
